0 info it worked if it ends with ok
1 verbose cli [ 'node', '/usr/local/bin/npm', 'install', '-g', 'less' ]
2 info using npm@1.1.66
3 info using node@v0.8.15
4 verbose read json /usr/local/lib/package.json
5 verbose read json /usr/local/lib/package.json
6 verbose cache add [ 'less', null ]
7 silly cache add name=undefined spec="less" args=["less",null]
8 verbose parsed url { pathname: 'less', path: 'less', href: 'less' }
9 silly lockFile 0b439cf4-less less
10 verbose lock less /Users/guillaume/.npm/0b439cf4-less.lock
11 silly lockFile 0b439cf4-less less
12 verbose addNamed [ 'less', '' ]
13 verbose addNamed [ null, '' ]
14 silly lockFile e13833ab-less less@
15 verbose lock less@ /Users/guillaume/.npm/e13833ab-less.lock
16 silly addNameRange { name: 'less', range: '', hasData: false }
17 verbose url raw less
18 verbose url resolving [ 'https://registry.npmjs.org/', './less' ]
19 verbose url resolved https://registry.npmjs.org/less
20 info trying registry request attempt 1 at 22:40:59
21 verbose etag "1XNTV6SSWE9ZDIR64SW6NAO87"
22 http GET https://registry.npmjs.org/less
23 http 200 https://registry.npmjs.org/less
24 silly registry.get cb [ 200,
24 silly registry.get   { vary: 'Accept',
24 silly registry.get     server: 'CouchDB/1.2.0 (Erlang OTP/R15B)',
24 silly registry.get     etag: '"AYZ5Q7YVXR0UYF4VHV0ET55ED"',
24 silly registry.get     date: 'Mon, 07 Jan 2013 21:39:44 GMT',
24 silly registry.get     'content-type': 'application/json',
24 silly registry.get     'content-length': '23913' } ]
25 silly addNameRange number 2 { name: 'less', range: '', hasData: true }
26 silly addNameRange versions [ 'less',
26 silly addNameRange   [ '1.0.10',
26 silly addNameRange     '1.0.11',
26 silly addNameRange     '1.0.14',
26 silly addNameRange     '1.0.18',
26 silly addNameRange     '1.0.19',
26 silly addNameRange     '1.0.21',
26 silly addNameRange     '1.0.32',
26 silly addNameRange     '1.0.36',
26 silly addNameRange     '1.0.5',
26 silly addNameRange     '1.0.40',
26 silly addNameRange     '1.0.41',
26 silly addNameRange     '1.0.44',
26 silly addNameRange     '1.1.0',
26 silly addNameRange     '1.1.1',
26 silly addNameRange     '1.1.2',
26 silly addNameRange     '1.1.4',
26 silly addNameRange     '1.1.5',
26 silly addNameRange     '1.1.6',
26 silly addNameRange     '1.2.0',
26 silly addNameRange     '1.2.1',
26 silly addNameRange     '1.2.2',
26 silly addNameRange     '1.3.0',
26 silly addNameRange     '1.3.1',
26 silly addNameRange     '1.3.2',
26 silly addNameRange     '1.3.3' ] ]
27 verbose addNamed [ 'less', '1.3.3' ]
28 verbose addNamed [ '1.3.3', '1.3.3' ]
29 silly lockFile fcd40bce-less-1-3-3 less@1.3.3
30 verbose lock less@1.3.3 /Users/guillaume/.npm/fcd40bce-less-1-3-3.lock
31 silly lockFile 2aa4d5e7-ry-npmjs-org-less-less-1-3-3-tgz https://registry.npmjs.org/less/-/less-1.3.3.tgz
32 verbose lock https://registry.npmjs.org/less/-/less-1.3.3.tgz /Users/guillaume/.npm/2aa4d5e7-ry-npmjs-org-less-less-1-3-3-tgz.lock
33 verbose addRemoteTarball [ 'https://registry.npmjs.org/less/-/less-1.3.3.tgz',
33 verbose addRemoteTarball   '7ee8f300a41080f3544c80c7a70cdf6a61280cf9' ]
34 info retry fetch attempt 1 at 22:41:03
35 verbose fetch to= /var/folders/UR/URQDK+QUGjy6IQDI-U57dE+++TI/-Tmp-/npm-5680/1357594863637-0.832098321756348/tmp.tgz
36 http GET https://registry.npmjs.org/less/-/less-1.3.3.tgz
37 http 200 https://registry.npmjs.org/less/-/less-1.3.3.tgz
38 silly shasum updated bytes 40960
39 silly shasum updated bytes 40960
40 silly shasum updated bytes 33877
41 info shasum 7ee8f300a41080f3544c80c7a70cdf6a61280cf9
41 info shasum /var/folders/UR/URQDK+QUGjy6IQDI-U57dE+++TI/-Tmp-/npm-5680/1357594863637-0.832098321756348/tmp.tgz
42 verbose tar unpack /var/folders/UR/URQDK+QUGjy6IQDI-U57dE+++TI/-Tmp-/npm-5680/1357594863637-0.832098321756348/tmp.tgz
43 silly lockFile ec96a454-863637-0-832098321756348-package /var/folders/UR/URQDK+QUGjy6IQDI-U57dE+++TI/-Tmp-/npm-5680/1357594863637-0.832098321756348/package
44 verbose lock /var/folders/UR/URQDK+QUGjy6IQDI-U57dE+++TI/-Tmp-/npm-5680/1357594863637-0.832098321756348/package /Users/guillaume/.npm/ec96a454-863637-0-832098321756348-package.lock
45 silly gunzTarPerm modes [ '755', '644' ]
46 silly gunzTarPerm extractEntry package.json
47 silly gunzTarPerm modified mode [ 'package.json', 438, 420 ]
48 silly gunzTarPerm extractEntry .npmignore
49 silly gunzTarPerm modified mode [ '.npmignore', 438, 420 ]
50 silly gunzTarPerm extractEntry README.md
51 silly gunzTarPerm modified mode [ 'README.md', 438, 420 ]
52 silly gunzTarPerm extractEntry LICENSE
53 silly gunzTarPerm modified mode [ 'LICENSE', 438, 420 ]
54 silly gunzTarPerm extractEntry CHANGELOG.md
55 silly gunzTarPerm modified mode [ 'CHANGELOG.md', 438, 420 ]
56 silly gunzTarPerm extractEntry CONTRIBUTING.md
57 silly gunzTarPerm modified mode [ 'CONTRIBUTING.md', 438, 420 ]
58 silly gunzTarPerm extractEntry benchmark/less-benchmark.js
59 silly gunzTarPerm modified mode [ 'benchmark/less-benchmark.js', 438, 420 ]
60 silly gunzTarPerm extractEntry benchmark/benchmark.less
61 silly gunzTarPerm modified mode [ 'benchmark/benchmark.less', 438, 420 ]
62 silly gunzTarPerm extractEntry lib/less/browser.js
63 silly gunzTarPerm modified mode [ 'lib/less/browser.js', 438, 420 ]
64 silly gunzTarPerm extractEntry lib/less/colors.js
65 silly gunzTarPerm modified mode [ 'lib/less/colors.js', 438, 420 ]
66 silly gunzTarPerm extractEntry lib/less/functions.js
67 silly gunzTarPerm modified mode [ 'lib/less/functions.js', 438, 420 ]
68 silly gunzTarPerm extractEntry lib/less/index.js
69 silly gunzTarPerm modified mode [ 'lib/less/index.js', 438, 420 ]
70 silly gunzTarPerm extractEntry lib/less/lessc_helper.js
71 silly gunzTarPerm modified mode [ 'lib/less/lessc_helper.js', 438, 420 ]
72 silly gunzTarPerm extractEntry lib/less/parser.js
73 silly gunzTarPerm modified mode [ 'lib/less/parser.js', 438, 420 ]
74 silly gunzTarPerm extractEntry lib/less/rhino.js
75 silly gunzTarPerm modified mode [ 'lib/less/rhino.js', 438, 420 ]
76 silly gunzTarPerm extractEntry lib/less/tree.js
77 silly gunzTarPerm modified mode [ 'lib/less/tree.js', 438, 420 ]
78 silly gunzTarPerm extractEntry lib/less/tree/alpha.js
79 silly gunzTarPerm modified mode [ 'lib/less/tree/alpha.js', 438, 420 ]
80 silly gunzTarPerm extractEntry lib/less/tree/expression.js
81 silly gunzTarPerm modified mode [ 'lib/less/tree/expression.js', 438, 420 ]
82 silly gunzTarPerm extractEntry lib/less/tree/import.js
83 silly gunzTarPerm modified mode [ 'lib/less/tree/import.js', 438, 420 ]
84 silly gunzTarPerm extractEntry lib/less/tree/javascript.js
85 silly gunzTarPerm modified mode [ 'lib/less/tree/javascript.js', 438, 420 ]
86 silly gunzTarPerm extractEntry lib/less/tree/element.js
87 silly gunzTarPerm modified mode [ 'lib/less/tree/element.js', 438, 420 ]
88 silly gunzTarPerm extractEntry lib/less/tree/media.js
89 silly gunzTarPerm modified mode [ 'lib/less/tree/media.js', 438, 420 ]
90 silly gunzTarPerm extractEntry lib/less/tree/mixin.js
91 silly gunzTarPerm modified mode [ 'lib/less/tree/mixin.js', 438, 420 ]
92 silly gunzTarPerm extractEntry lib/less/tree/operation.js
93 silly gunzTarPerm modified mode [ 'lib/less/tree/operation.js', 438, 420 ]
94 silly gunzTarPerm extractEntry lib/less/tree/paren.js
95 silly gunzTarPerm modified mode [ 'lib/less/tree/paren.js', 438, 420 ]
96 silly gunzTarPerm extractEntry lib/less/tree/quoted.js
97 silly gunzTarPerm modified mode [ 'lib/less/tree/quoted.js', 438, 420 ]
98 silly gunzTarPerm extractEntry lib/less/tree/directive.js
99 silly gunzTarPerm modified mode [ 'lib/less/tree/directive.js', 438, 420 ]
100 silly gunzTarPerm extractEntry lib/less/tree/ratio.js
101 silly gunzTarPerm modified mode [ 'lib/less/tree/ratio.js', 438, 420 ]
102 silly gunzTarPerm extractEntry lib/less/tree/dimension.js
103 silly gunzTarPerm modified mode [ 'lib/less/tree/dimension.js', 438, 420 ]
104 silly gunzTarPerm extractEntry lib/less/tree/rule.js
105 silly gunzTarPerm modified mode [ 'lib/less/tree/rule.js', 438, 420 ]
106 silly gunzTarPerm extractEntry lib/less/tree/condition.js
107 silly gunzTarPerm modified mode [ 'lib/less/tree/condition.js', 438, 420 ]
108 silly gunzTarPerm extractEntry lib/less/tree/ruleset.js
109 silly gunzTarPerm modified mode [ 'lib/less/tree/ruleset.js', 438, 420 ]
110 silly gunzTarPerm extractEntry lib/less/tree/comment.js
111 silly gunzTarPerm modified mode [ 'lib/less/tree/comment.js', 438, 420 ]
112 silly gunzTarPerm extractEntry lib/less/tree/selector.js
113 silly gunzTarPerm modified mode [ 'lib/less/tree/selector.js', 438, 420 ]
114 silly gunzTarPerm extractEntry lib/less/tree/color.js
115 silly gunzTarPerm modified mode [ 'lib/less/tree/color.js', 438, 420 ]
116 silly gunzTarPerm extractEntry lib/less/tree/unicode-descriptor.js
117 silly gunzTarPerm modified mode [ 'lib/less/tree/unicode-descriptor.js', 438, 420 ]
118 silly gunzTarPerm extractEntry lib/less/tree/call.js
119 silly gunzTarPerm modified mode [ 'lib/less/tree/call.js', 438, 420 ]
120 silly gunzTarPerm extractEntry lib/less/tree/url.js
121 silly gunzTarPerm modified mode [ 'lib/less/tree/url.js', 438, 420 ]
122 silly gunzTarPerm extractEntry lib/less/tree/assignment.js
123 silly gunzTarPerm modified mode [ 'lib/less/tree/assignment.js', 438, 420 ]
124 silly gunzTarPerm extractEntry lib/less/tree/value.js
125 silly gunzTarPerm modified mode [ 'lib/less/tree/value.js', 438, 420 ]
126 silly gunzTarPerm extractEntry lib/less/tree/anonymous.js
127 silly gunzTarPerm modified mode [ 'lib/less/tree/anonymous.js', 438, 420 ]
128 silly gunzTarPerm extractEntry lib/less/tree/variable.js
129 silly gunzTarPerm modified mode [ 'lib/less/tree/variable.js', 438, 420 ]
130 silly gunzTarPerm extractEntry lib/less/tree/keyword.js
131 silly gunzTarPerm modified mode [ 'lib/less/tree/keyword.js', 438, 420 ]
132 silly gunzTarPerm extractEntry test/browser-test-prepare.js
133 silly gunzTarPerm modified mode [ 'test/browser-test-prepare.js', 438, 420 ]
134 silly gunzTarPerm extractEntry test/less-test.js
135 silly gunzTarPerm modified mode [ 'test/less-test.js', 438, 420 ]
136 silly gunzTarPerm extractEntry test/browser/common.js
137 silly gunzTarPerm modified mode [ 'test/browser/common.js', 438, 420 ]
138 silly gunzTarPerm extractEntry test/browser/jasmine-html.js
139 silly gunzTarPerm modified mode [ 'test/browser/jasmine-html.js', 438, 420 ]
140 silly gunzTarPerm extractEntry test/browser/runner-rootpath.js
141 silly gunzTarPerm modified mode [ 'test/browser/runner-rootpath.js', 438, 420 ]
142 silly gunzTarPerm extractEntry test/browser/jasmine.js
143 silly gunzTarPerm modified mode [ 'test/browser/jasmine.js', 438, 420 ]
144 silly gunzTarPerm extractEntry test/browser/runner-rootpath-relative.js
145 silly gunzTarPerm modified mode [ 'test/browser/runner-rootpath-relative.js', 438, 420 ]
146 silly gunzTarPerm extractEntry test/browser/runner-relative-urls.js
147 silly gunzTarPerm modified mode [ 'test/browser/runner-relative-urls.js', 438, 420 ]
148 silly gunzTarPerm extractEntry test/browser/runner-browser.js
149 silly gunzTarPerm modified mode [ 'test/browser/runner-browser.js', 438, 420 ]
150 silly gunzTarPerm extractEntry test/browser/runner-main.js
151 silly gunzTarPerm modified mode [ 'test/browser/runner-main.js', 438, 420 ]
152 silly gunzTarPerm extractEntry test/browser/phantom-runner.js
153 silly gunzTarPerm modified mode [ 'test/browser/phantom-runner.js', 438, 420 ]
154 silly gunzTarPerm extractEntry test/browser/css/relative-urls/urls.css
155 silly gunzTarPerm modified mode [ 'test/browser/css/relative-urls/urls.css', 438, 420 ]
156 silly gunzTarPerm extractEntry test/browser/css/rootpath/urls.css
157 silly gunzTarPerm modified mode [ 'test/browser/css/rootpath/urls.css', 438, 420 ]
158 silly gunzTarPerm extractEntry test/browser/css/rootpath-relative/urls.css
159 silly gunzTarPerm modified mode [ 'test/browser/css/rootpath-relative/urls.css', 438, 420 ]
160 silly gunzTarPerm extractEntry test/browser/css/urls.css
161 silly gunzTarPerm modified mode [ 'test/browser/css/urls.css', 438, 420 ]
162 silly gunzTarPerm extractEntry test/browser/less/imports/urls.less
163 silly gunzTarPerm modified mode [ 'test/browser/less/imports/urls.less', 438, 420 ]
164 silly gunzTarPerm extractEntry test/browser/less/imports/urls2.less
165 silly gunzTarPerm modified mode [ 'test/browser/less/imports/urls2.less', 438, 420 ]
166 silly gunzTarPerm extractEntry test/browser/less/relative-urls/urls.less
167 silly gunzTarPerm modified mode [ 'test/browser/less/relative-urls/urls.less', 438, 420 ]
168 silly gunzTarPerm extractEntry test/browser/less/rootpath/urls.less
169 silly gunzTarPerm modified mode [ 'test/browser/less/rootpath/urls.less', 438, 420 ]
170 silly gunzTarPerm extractEntry test/browser/less/rootpath-relative/urls.less
171 silly gunzTarPerm modified mode [ 'test/browser/less/rootpath-relative/urls.less', 438, 420 ]
172 silly gunzTarPerm extractEntry test/browser/less/urls.less
173 silly gunzTarPerm modified mode [ 'test/browser/less/urls.less', 438, 420 ]
174 silly gunzTarPerm extractEntry test/browser/jasmine.css
175 silly gunzTarPerm modified mode [ 'test/browser/jasmine.css', 438, 420 ]
176 silly gunzTarPerm extractEntry test/browser/template.htm
177 silly gunzTarPerm modified mode [ 'test/browser/template.htm', 438, 420 ]
178 silly gunzTarPerm extractEntry test/css/mixins-guards.css
179 silly gunzTarPerm modified mode [ 'test/css/mixins-guards.css', 438, 420 ]
180 silly gunzTarPerm extractEntry test/css/charsets.css
181 silly gunzTarPerm modified mode [ 'test/css/charsets.css', 438, 420 ]
182 silly gunzTarPerm extractEntry test/css/comments.css
183 silly gunzTarPerm modified mode [ 'test/css/comments.css', 438, 420 ]
184 silly gunzTarPerm extractEntry test/css/css-3.css
185 silly gunzTarPerm modified mode [ 'test/css/css-3.css', 438, 420 ]
186 silly gunzTarPerm extractEntry test/css/css-escapes.css
187 silly gunzTarPerm modified mode [ 'test/css/css-escapes.css', 438, 420 ]
188 silly gunzTarPerm extractEntry test/css/css.css
189 silly gunzTarPerm modified mode [ 'test/css/css.css', 438, 420 ]
190 silly gunzTarPerm extractEntry test/css/debug/linenumbers-all.css
191 silly gunzTarPerm modified mode [ 'test/css/debug/linenumbers-all.css', 438, 420 ]
192 silly gunzTarPerm extractEntry test/css/debug/linenumbers-comments.css
193 silly gunzTarPerm modified mode [ 'test/css/debug/linenumbers-comments.css', 438, 420 ]
194 silly gunzTarPerm extractEntry test/css/debug/linenumbers-mediaquery.css
195 silly gunzTarPerm modified mode [ 'test/css/debug/linenumbers-mediaquery.css', 438, 420 ]
196 silly gunzTarPerm extractEntry test/css/functions.css
197 silly gunzTarPerm modified mode [ 'test/css/functions.css', 438, 420 ]
198 silly gunzTarPerm extractEntry test/css/ie-filters.css
199 silly gunzTarPerm modified mode [ 'test/css/ie-filters.css', 438, 420 ]
200 silly gunzTarPerm extractEntry test/css/import-once.css
201 silly gunzTarPerm modified mode [ 'test/css/import-once.css', 438, 420 ]
202 silly gunzTarPerm extractEntry test/css/import.css
203 silly gunzTarPerm modified mode [ 'test/css/import.css', 438, 420 ]
204 silly gunzTarPerm extractEntry test/css/javascript.css
205 silly gunzTarPerm modified mode [ 'test/css/javascript.css', 438, 420 ]
206 silly gunzTarPerm extractEntry test/css/lazy-eval.css
207 silly gunzTarPerm modified mode [ 'test/css/lazy-eval.css', 438, 420 ]
208 silly gunzTarPerm extractEntry test/css/media.css
209 silly gunzTarPerm modified mode [ 'test/css/media.css', 438, 420 ]
210 silly gunzTarPerm extractEntry test/css/mixins-args.css
211 silly gunzTarPerm modified mode [ 'test/css/mixins-args.css', 438, 420 ]
212 silly gunzTarPerm extractEntry test/css/mixins-closure.css
213 silly gunzTarPerm modified mode [ 'test/css/mixins-closure.css', 438, 420 ]
214 silly gunzTarPerm extractEntry test/css/colors.css
215 silly gunzTarPerm modified mode [ 'test/css/colors.css', 438, 420 ]
216 silly gunzTarPerm extractEntry test/css/mixins-important.css
217 silly gunzTarPerm modified mode [ 'test/css/mixins-important.css', 438, 420 ]
218 silly gunzTarPerm extractEntry test/css/mixins-named-args.css
219 silly gunzTarPerm modified mode [ 'test/css/mixins-named-args.css', 438, 420 ]
220 silly gunzTarPerm extractEntry test/css/mixins-nested.css
221 silly gunzTarPerm modified mode [ 'test/css/mixins-nested.css', 438, 420 ]
222 silly gunzTarPerm extractEntry test/css/mixins-pattern.css
223 silly gunzTarPerm modified mode [ 'test/css/mixins-pattern.css', 438, 420 ]
224 silly gunzTarPerm extractEntry test/css/mixins.css
225 silly gunzTarPerm modified mode [ 'test/css/mixins.css', 438, 420 ]
226 silly gunzTarPerm extractEntry test/css/operations.css
227 silly gunzTarPerm modified mode [ 'test/css/operations.css', 438, 420 ]
228 silly gunzTarPerm extractEntry test/css/parens.css
229 silly gunzTarPerm modified mode [ 'test/css/parens.css', 438, 420 ]
230 silly gunzTarPerm extractEntry test/css/rulesets.css
231 silly gunzTarPerm modified mode [ 'test/css/rulesets.css', 438, 420 ]
232 silly gunzTarPerm extractEntry test/css/scope.css
233 silly gunzTarPerm modified mode [ 'test/css/scope.css', 438, 420 ]
234 silly gunzTarPerm extractEntry test/css/selectors.css
235 silly gunzTarPerm modified mode [ 'test/css/selectors.css', 438, 420 ]
236 silly gunzTarPerm extractEntry test/css/static-urls/urls.css
237 silly gunzTarPerm modified mode [ 'test/css/static-urls/urls.css', 438, 420 ]
238 silly gunzTarPerm extractEntry test/css/strings.css
239 silly gunzTarPerm modified mode [ 'test/css/strings.css', 438, 420 ]
240 silly gunzTarPerm extractEntry test/css/urls.css
241 silly gunzTarPerm modified mode [ 'test/css/urls.css', 438, 420 ]
242 silly gunzTarPerm extractEntry test/css/variables.css
243 silly gunzTarPerm modified mode [ 'test/css/variables.css', 438, 420 ]
244 silly gunzTarPerm extractEntry test/css/whitespace.css
245 silly gunzTarPerm modified mode [ 'test/css/whitespace.css', 438, 420 ]
246 silly gunzTarPerm extractEntry test/less/mixins-closure.less
247 silly gunzTarPerm modified mode [ 'test/less/mixins-closure.less', 438, 420 ]
248 silly gunzTarPerm extractEntry test/less/charsets.less
249 silly gunzTarPerm modified mode [ 'test/less/charsets.less', 438, 420 ]
250 silly gunzTarPerm extractEntry test/less/comments.less
251 silly gunzTarPerm modified mode [ 'test/less/comments.less', 438, 420 ]
252 silly gunzTarPerm extractEntry test/less/css-3.less
253 silly gunzTarPerm modified mode [ 'test/less/css-3.less', 438, 420 ]
254 silly gunzTarPerm extractEntry test/less/css-escapes.less
255 silly gunzTarPerm modified mode [ 'test/less/css-escapes.less', 438, 420 ]
256 silly gunzTarPerm extractEntry test/less/css.less
257 silly gunzTarPerm modified mode [ 'test/less/css.less', 438, 420 ]
258 silly gunzTarPerm extractEntry test/less/debug/import/test.less
259 silly gunzTarPerm modified mode [ 'test/less/debug/import/test.less', 438, 420 ]
260 silly gunzTarPerm extractEntry test/less/debug/linenumbers.less
261 silly gunzTarPerm modified mode [ 'test/less/debug/linenumbers.less', 438, 420 ]
262 silly gunzTarPerm extractEntry test/less/errors/mixed-mixin-definition-args-2.less
263 silly gunzTarPerm modified mode [ 'test/less/errors/mixed-mixin-definition-args-2.less',
263 silly gunzTarPerm   438,
263 silly gunzTarPerm   420 ]
264 silly gunzTarPerm extractEntry test/less/errors/bad-variable-declaration1.less
265 silly gunzTarPerm modified mode [ 'test/less/errors/bad-variable-declaration1.less', 438, 420 ]
266 silly gunzTarPerm extractEntry test/less/errors/comment-in-selector.less
267 silly gunzTarPerm modified mode [ 'test/less/errors/comment-in-selector.less', 438, 420 ]
268 silly gunzTarPerm extractEntry test/less/errors/comment-in-selector.txt
269 silly gunzTarPerm modified mode [ 'test/less/errors/comment-in-selector.txt', 438, 420 ]
270 silly gunzTarPerm extractEntry test/less/errors/import-missing.less
271 silly gunzTarPerm modified mode [ 'test/less/errors/import-missing.less', 438, 420 ]
272 silly gunzTarPerm extractEntry test/less/errors/import-missing.txt
273 silly gunzTarPerm modified mode [ 'test/less/errors/import-missing.txt', 438, 420 ]
274 silly gunzTarPerm extractEntry test/less/errors/import-no-semi.less
275 silly gunzTarPerm modified mode [ 'test/less/errors/import-no-semi.less', 438, 420 ]
276 silly gunzTarPerm extractEntry test/less/errors/import-no-semi.txt
277 silly gunzTarPerm modified mode [ 'test/less/errors/import-no-semi.txt', 438, 420 ]
278 silly gunzTarPerm extractEntry test/less/errors/import-subfolder1.less
279 silly gunzTarPerm modified mode [ 'test/less/errors/import-subfolder1.less', 438, 420 ]
280 silly gunzTarPerm extractEntry test/less/errors/import-subfolder1.txt
281 silly gunzTarPerm modified mode [ 'test/less/errors/import-subfolder1.txt', 438, 420 ]
282 silly gunzTarPerm extractEntry test/less/errors/import-subfolder2.less
283 silly gunzTarPerm modified mode [ 'test/less/errors/import-subfolder2.less', 438, 420 ]
284 silly gunzTarPerm extractEntry test/less/errors/import-subfolder2.txt
285 silly gunzTarPerm modified mode [ 'test/less/errors/import-subfolder2.txt', 438, 420 ]
286 silly gunzTarPerm extractEntry test/less/errors/imports/import-subfolder1.less
287 silly gunzTarPerm modified mode [ 'test/less/errors/imports/import-subfolder1.less', 438, 420 ]
288 silly gunzTarPerm extractEntry test/less/errors/imports/import-subfolder2.less
289 silly gunzTarPerm modified mode [ 'test/less/errors/imports/import-subfolder2.less', 438, 420 ]
290 silly gunzTarPerm extractEntry test/less/errors/imports/import-test.less
291 silly gunzTarPerm modified mode [ 'test/less/errors/imports/import-test.less', 438, 420 ]
292 silly gunzTarPerm extractEntry test/less/errors/imports/subfolder/mixin-not-defined.less
293 silly gunzTarPerm modified mode [ 'test/less/errors/imports/subfolder/mixin-not-defined.less',
293 silly gunzTarPerm   438,
293 silly gunzTarPerm   420 ]
294 silly gunzTarPerm extractEntry test/less/errors/imports/subfolder/parse-error-curly-bracket.less
295 silly gunzTarPerm modified mode [ 'test/less/errors/imports/subfolder/parse-error-curly-bracket.less',
295 silly gunzTarPerm   438,
295 silly gunzTarPerm   420 ]
296 silly gunzTarPerm extractEntry test/less/errors/javascript-error.less
297 silly gunzTarPerm modified mode [ 'test/less/errors/javascript-error.less', 438, 420 ]
298 silly gunzTarPerm extractEntry test/less/errors/javascript-error.txt
299 silly gunzTarPerm modified mode [ 'test/less/errors/javascript-error.txt', 438, 420 ]
300 silly gunzTarPerm extractEntry test/less/errors/mixed-mixin-definition-args-1.less
301 silly gunzTarPerm modified mode [ 'test/less/errors/mixed-mixin-definition-args-1.less',
301 silly gunzTarPerm   438,
301 silly gunzTarPerm   420 ]
302 silly gunzTarPerm extractEntry test/less/errors/mixed-mixin-definition-args-1.txt
303 silly gunzTarPerm modified mode [ 'test/less/errors/mixed-mixin-definition-args-1.txt',
303 silly gunzTarPerm   438,
303 silly gunzTarPerm   420 ]
304 silly gunzTarPerm extractEntry test/less/errors/bad-variable-declaration1.txt
305 silly gunzTarPerm modified mode [ 'test/less/errors/bad-variable-declaration1.txt', 438, 420 ]
306 silly gunzTarPerm extractEntry test/less/errors/mixed-mixin-definition-args-2.txt
307 silly gunzTarPerm modified mode [ 'test/less/errors/mixed-mixin-definition-args-2.txt',
307 silly gunzTarPerm   438,
307 silly gunzTarPerm   420 ]
308 silly gunzTarPerm extractEntry test/less/errors/mixin-not-defined.less
309 silly gunzTarPerm modified mode [ 'test/less/errors/mixin-not-defined.less', 438, 420 ]
310 silly gunzTarPerm extractEntry test/less/errors/mixin-not-defined.txt
311 silly gunzTarPerm modified mode [ 'test/less/errors/mixin-not-defined.txt', 438, 420 ]
312 silly gunzTarPerm extractEntry test/less/errors/mixin-not-matched.less
313 silly gunzTarPerm modified mode [ 'test/less/errors/mixin-not-matched.less', 438, 420 ]
314 silly gunzTarPerm extractEntry test/less/errors/mixin-not-matched.txt
315 silly gunzTarPerm modified mode [ 'test/less/errors/mixin-not-matched.txt', 438, 420 ]
316 silly gunzTarPerm extractEntry test/less/errors/mixin-not-matched2.less
317 silly gunzTarPerm modified mode [ 'test/less/errors/mixin-not-matched2.less', 438, 420 ]
318 silly gunzTarPerm extractEntry test/less/errors/mixin-not-matched2.txt
319 silly gunzTarPerm modified mode [ 'test/less/errors/mixin-not-matched2.txt', 438, 420 ]
320 silly gunzTarPerm extractEntry test/less/errors/parse-error-curly-bracket.less
321 silly gunzTarPerm modified mode [ 'test/less/errors/parse-error-curly-bracket.less', 438, 420 ]
322 silly gunzTarPerm extractEntry test/less/errors/parse-error-curly-bracket.txt
323 silly gunzTarPerm modified mode [ 'test/less/errors/parse-error-curly-bracket.txt', 438, 420 ]
324 silly gunzTarPerm extractEntry test/less/errors/parse-error-missing-bracket.less
325 silly gunzTarPerm modified mode [ 'test/less/errors/parse-error-missing-bracket.less', 438, 420 ]
326 silly gunzTarPerm extractEntry test/less/errors/parse-error-missing-bracket.txt
327 silly gunzTarPerm modified mode [ 'test/less/errors/parse-error-missing-bracket.txt', 438, 420 ]
328 silly gunzTarPerm extractEntry test/less/errors/parse-error-with-import.less
329 silly gunzTarPerm modified mode [ 'test/less/errors/parse-error-with-import.less', 438, 420 ]
330 silly gunzTarPerm extractEntry test/less/errors/parse-error-with-import.txt
331 silly gunzTarPerm modified mode [ 'test/less/errors/parse-error-with-import.txt', 438, 420 ]
332 silly gunzTarPerm extractEntry test/less/errors/property-ie5-hack.less
333 silly gunzTarPerm modified mode [ 'test/less/errors/property-ie5-hack.less', 438, 420 ]
334 silly gunzTarPerm extractEntry test/less/errors/property-ie5-hack.txt
335 silly gunzTarPerm modified mode [ 'test/less/errors/property-ie5-hack.txt', 438, 420 ]
336 silly gunzTarPerm extractEntry test/less/errors/recursive-variable.less
337 silly gunzTarPerm modified mode [ 'test/less/errors/recursive-variable.less', 438, 420 ]
338 silly gunzTarPerm extractEntry test/less/errors/recursive-variable.txt
339 silly gunzTarPerm modified mode [ 'test/less/errors/recursive-variable.txt', 438, 420 ]
340 silly gunzTarPerm extractEntry test/less/functions.less
341 silly gunzTarPerm modified mode [ 'test/less/functions.less', 438, 420 ]
342 silly gunzTarPerm extractEntry test/less/ie-filters.less
343 silly gunzTarPerm modified mode [ 'test/less/ie-filters.less', 438, 420 ]
344 silly gunzTarPerm extractEntry test/less/import/import-test-b.less
345 silly gunzTarPerm modified mode [ 'test/less/import/import-test-b.less', 438, 420 ]
346 silly gunzTarPerm extractEntry test/less/import/deeper/import-once-test-a.less
347 silly gunzTarPerm modified mode [ 'test/less/import/deeper/import-once-test-a.less', 438, 420 ]
348 silly gunzTarPerm extractEntry test/less/import/import-charset-test.less
349 silly gunzTarPerm modified mode [ 'test/less/import/import-charset-test.less', 438, 420 ]
350 silly gunzTarPerm extractEntry test/less/import/import-once-test-c.less
351 silly gunzTarPerm modified mode [ 'test/less/import/import-once-test-c.less', 438, 420 ]
352 silly gunzTarPerm extractEntry test/less/import/import-test-a.less
353 silly gunzTarPerm modified mode [ 'test/less/import/import-test-a.less', 438, 420 ]
354 silly gunzTarPerm extractEntry test/less/import/import-and-relative-paths-test.less
355 silly gunzTarPerm modified mode [ 'test/less/import/import-and-relative-paths-test.less',
355 silly gunzTarPerm   438,
355 silly gunzTarPerm   420 ]
356 silly gunzTarPerm extractEntry test/less/import/import-test-c.less
357 silly gunzTarPerm modified mode [ 'test/less/import/import-test-c.less', 438, 420 ]
358 silly gunzTarPerm extractEntry test/less/import/import-test-d.css
359 silly gunzTarPerm modified mode [ 'test/less/import/import-test-d.css', 438, 420 ]
360 silly gunzTarPerm extractEntry test/less/import/import-test-e.less
361 silly gunzTarPerm modified mode [ 'test/less/import/import-test-e.less', 438, 420 ]
362 silly gunzTarPerm extractEntry test/less/import/imports/font.less
363 silly gunzTarPerm modified mode [ 'test/less/import/imports/font.less', 438, 420 ]
364 silly gunzTarPerm extractEntry test/less/import/imports/logo.less
365 silly gunzTarPerm modified mode [ 'test/less/import/imports/logo.less', 438, 420 ]
366 silly gunzTarPerm extractEntry test/less/import/urls.less
367 silly gunzTarPerm modified mode [ 'test/less/import/urls.less', 438, 420 ]
368 silly gunzTarPerm extractEntry test/less/import-once.less
369 silly gunzTarPerm modified mode [ 'test/less/import-once.less', 438, 420 ]
370 silly gunzTarPerm extractEntry test/less/import.less
371 silly gunzTarPerm modified mode [ 'test/less/import.less', 438, 420 ]
372 silly gunzTarPerm extractEntry test/less/javascript.less
373 silly gunzTarPerm modified mode [ 'test/less/javascript.less', 438, 420 ]
374 silly gunzTarPerm extractEntry test/less/lazy-eval.less
375 silly gunzTarPerm modified mode [ 'test/less/lazy-eval.less', 438, 420 ]
376 silly gunzTarPerm extractEntry test/less/media.less
377 silly gunzTarPerm modified mode [ 'test/less/media.less', 438, 420 ]
378 silly gunzTarPerm extractEntry test/less/mixins-args.less
379 silly gunzTarPerm modified mode [ 'test/less/mixins-args.less', 438, 420 ]
380 silly gunzTarPerm extractEntry test/less/colors.less
381 silly gunzTarPerm modified mode [ 'test/less/colors.less', 438, 420 ]
382 silly gunzTarPerm extractEntry test/less/mixins-guards.less
383 silly gunzTarPerm modified mode [ 'test/less/mixins-guards.less', 438, 420 ]
384 silly gunzTarPerm extractEntry test/less/mixins-important.less
385 silly gunzTarPerm modified mode [ 'test/less/mixins-important.less', 438, 420 ]
386 silly gunzTarPerm extractEntry test/less/mixins-named-args.less
387 silly gunzTarPerm modified mode [ 'test/less/mixins-named-args.less', 438, 420 ]
388 silly gunzTarPerm extractEntry test/less/mixins-nested.less
389 silly gunzTarPerm modified mode [ 'test/less/mixins-nested.less', 438, 420 ]
390 silly gunzTarPerm extractEntry test/less/mixins-pattern.less
391 silly gunzTarPerm modified mode [ 'test/less/mixins-pattern.less', 438, 420 ]
392 silly gunzTarPerm extractEntry test/less/mixins.less
393 silly gunzTarPerm modified mode [ 'test/less/mixins.less', 438, 420 ]
394 silly gunzTarPerm extractEntry test/less/operations.less
395 silly gunzTarPerm modified mode [ 'test/less/operations.less', 438, 420 ]
396 silly gunzTarPerm extractEntry test/less/parens.less
397 silly gunzTarPerm modified mode [ 'test/less/parens.less', 438, 420 ]
398 silly gunzTarPerm extractEntry test/less/rulesets.less
399 silly gunzTarPerm modified mode [ 'test/less/rulesets.less', 438, 420 ]
400 silly gunzTarPerm extractEntry test/less/scope.less
401 silly gunzTarPerm modified mode [ 'test/less/scope.less', 438, 420 ]
402 silly gunzTarPerm extractEntry test/less/selectors.less
403 silly gunzTarPerm modified mode [ 'test/less/selectors.less', 438, 420 ]
404 silly gunzTarPerm extractEntry test/less/static-urls/urls.less
405 silly gunzTarPerm modified mode [ 'test/less/static-urls/urls.less', 438, 420 ]
406 silly gunzTarPerm extractEntry test/less/strings.less
407 silly gunzTarPerm modified mode [ 'test/less/strings.less', 438, 420 ]
408 silly gunzTarPerm extractEntry test/less/urls.less
409 silly gunzTarPerm modified mode [ 'test/less/urls.less', 438, 420 ]
410 silly gunzTarPerm extractEntry test/less/variables.less
411 silly gunzTarPerm modified mode [ 'test/less/variables.less', 438, 420 ]
412 silly gunzTarPerm extractEntry test/less/whitespace.less
413 silly gunzTarPerm modified mode [ 'test/less/whitespace.less', 438, 420 ]
414 silly gunzTarPerm extractEntry Makefile
415 silly gunzTarPerm modified mode [ 'Makefile', 438, 420 ]
416 silly gunzTarPerm extractEntry bin/lessc
417 silly gunzTarPerm modified mode [ 'bin/lessc', 438, 420 ]
418 silly gunzTarPerm extractEntry build/amd.js
419 silly gunzTarPerm modified mode [ 'build/amd.js', 438, 420 ]
420 silly gunzTarPerm extractEntry build/ecma-5.js
421 silly gunzTarPerm modified mode [ 'build/ecma-5.js', 438, 420 ]
422 silly gunzTarPerm extractEntry build/header.js
423 silly gunzTarPerm modified mode [ 'build/header.js', 438, 420 ]
424 silly gunzTarPerm extractEntry build/require-rhino.js
425 silly gunzTarPerm modified mode [ 'build/require-rhino.js', 438, 420 ]
426 silly gunzTarPerm extractEntry build/require.js
427 silly gunzTarPerm modified mode [ 'build/require.js', 438, 420 ]
428 verbose read json /var/folders/UR/URQDK+QUGjy6IQDI-U57dE+++TI/-Tmp-/npm-5680/1357594863637-0.832098321756348/package/package.json
429 silly lockFile ec96a454-863637-0-832098321756348-package /var/folders/UR/URQDK+QUGjy6IQDI-U57dE+++TI/-Tmp-/npm-5680/1357594863637-0.832098321756348/package
430 verbose from cache /var/folders/UR/URQDK+QUGjy6IQDI-U57dE+++TI/-Tmp-/npm-5680/1357594863637-0.832098321756348/package/package.json
431 verbose tar pack [ '/Users/guillaume/.npm/less/1.3.3/package.tgz',
431 verbose tar pack   '/var/folders/UR/URQDK+QUGjy6IQDI-U57dE+++TI/-Tmp-/npm-5680/1357594863637-0.832098321756348/package' ]
432 verbose tarball /Users/guillaume/.npm/less/1.3.3/package.tgz
433 verbose folder /var/folders/UR/URQDK+QUGjy6IQDI-U57dE+++TI/-Tmp-/npm-5680/1357594863637-0.832098321756348/package
434 silly lockFile b7cca8d8-laume-npm-less-1-3-3-package-tgz /Users/guillaume/.npm/less/1.3.3/package.tgz
435 verbose lock /Users/guillaume/.npm/less/1.3.3/package.tgz /Users/guillaume/.npm/b7cca8d8-laume-npm-less-1-3-3-package-tgz.lock
436 silly lockFile b7cca8d8-laume-npm-less-1-3-3-package-tgz /Users/guillaume/.npm/less/1.3.3/package.tgz
437 silly lockFile c9bf019c-guillaume-npm-less-1-3-3-package /Users/guillaume/.npm/less/1.3.3/package
438 verbose lock /Users/guillaume/.npm/less/1.3.3/package /Users/guillaume/.npm/c9bf019c-guillaume-npm-less-1-3-3-package.lock
439 silly lockFile c9bf019c-guillaume-npm-less-1-3-3-package /Users/guillaume/.npm/less/1.3.3/package
440 verbose tar unpack /Users/guillaume/.npm/less/1.3.3/package.tgz
441 silly lockFile c9bf019c-guillaume-npm-less-1-3-3-package /Users/guillaume/.npm/less/1.3.3/package
442 verbose lock /Users/guillaume/.npm/less/1.3.3/package /Users/guillaume/.npm/c9bf019c-guillaume-npm-less-1-3-3-package.lock
443 silly gunzTarPerm modes [ '755', '644' ]
444 silly gunzTarPerm extractEntry package.json
445 silly gunzTarPerm extractEntry .npmignore
446 silly gunzTarPerm extractEntry README.md
447 silly gunzTarPerm extractEntry LICENSE
448 silly gunzTarPerm extractEntry CHANGELOG.md
449 silly gunzTarPerm extractEntry CONTRIBUTING.md
450 silly gunzTarPerm extractEntry benchmark/less-benchmark.js
451 silly gunzTarPerm extractEntry benchmark/benchmark.less
452 silly gunzTarPerm extractEntry test/browser-test-prepare.js
453 silly gunzTarPerm extractEntry test/less-test.js
454 silly gunzTarPerm extractEntry test/browser/common.js
455 silly gunzTarPerm extractEntry test/browser/jasmine-html.js
456 silly gunzTarPerm extractEntry test/browser/runner-rootpath.js
457 silly gunzTarPerm extractEntry test/browser/jasmine.js
458 silly gunzTarPerm extractEntry test/browser/runner-rootpath-relative.js
459 silly gunzTarPerm extractEntry test/browser/runner-relative-urls.js
460 silly gunzTarPerm extractEntry test/browser/runner-browser.js
461 silly gunzTarPerm extractEntry test/browser/runner-main.js
462 silly gunzTarPerm extractEntry test/browser/phantom-runner.js
463 silly gunzTarPerm extractEntry test/browser/css/relative-urls/urls.css
464 silly gunzTarPerm extractEntry test/browser/css/rootpath/urls.css
465 silly gunzTarPerm extractEntry test/browser/css/rootpath-relative/urls.css
466 silly gunzTarPerm extractEntry test/browser/css/urls.css
467 silly gunzTarPerm extractEntry test/browser/less/imports/urls.less
468 silly gunzTarPerm extractEntry test/browser/less/imports/urls2.less
469 silly gunzTarPerm extractEntry test/browser/less/relative-urls/urls.less
470 silly gunzTarPerm extractEntry test/browser/less/rootpath/urls.less
471 silly gunzTarPerm extractEntry test/browser/less/rootpath-relative/urls.less
472 silly gunzTarPerm extractEntry test/browser/less/urls.less
473 silly gunzTarPerm extractEntry test/browser/jasmine.css
474 silly gunzTarPerm extractEntry test/browser/template.htm
475 silly gunzTarPerm extractEntry test/css/mixins-guards.css
476 silly gunzTarPerm extractEntry test/css/charsets.css
477 silly gunzTarPerm extractEntry test/css/comments.css
478 silly gunzTarPerm extractEntry test/css/css-3.css
479 silly gunzTarPerm extractEntry test/css/css-escapes.css
480 silly gunzTarPerm extractEntry test/css/css.css
481 silly gunzTarPerm extractEntry test/css/debug/linenumbers-all.css
482 silly gunzTarPerm extractEntry test/css/debug/linenumbers-comments.css
483 silly gunzTarPerm extractEntry test/css/debug/linenumbers-mediaquery.css
484 silly gunzTarPerm extractEntry test/css/functions.css
485 silly gunzTarPerm extractEntry test/css/ie-filters.css
486 silly gunzTarPerm extractEntry test/css/import-once.css
487 silly gunzTarPerm extractEntry test/css/import.css
488 silly gunzTarPerm extractEntry test/css/javascript.css
489 silly gunzTarPerm extractEntry test/css/lazy-eval.css
490 silly gunzTarPerm extractEntry test/css/media.css
491 silly gunzTarPerm extractEntry test/css/mixins-args.css
492 silly gunzTarPerm extractEntry test/css/mixins-closure.css
493 silly gunzTarPerm extractEntry test/css/colors.css
494 silly gunzTarPerm extractEntry test/css/mixins-important.css
495 silly gunzTarPerm extractEntry test/css/mixins-named-args.css
496 silly gunzTarPerm extractEntry test/css/mixins-nested.css
497 silly gunzTarPerm extractEntry test/css/mixins-pattern.css
498 silly gunzTarPerm extractEntry test/css/mixins.css
499 silly gunzTarPerm extractEntry test/css/operations.css
500 silly gunzTarPerm extractEntry test/css/parens.css
501 silly gunzTarPerm extractEntry test/css/rulesets.css
502 silly gunzTarPerm extractEntry test/css/scope.css
503 silly gunzTarPerm extractEntry test/css/selectors.css
504 silly gunzTarPerm extractEntry test/css/static-urls/urls.css
505 silly gunzTarPerm extractEntry test/css/strings.css
506 silly gunzTarPerm extractEntry test/css/urls.css
507 silly gunzTarPerm extractEntry test/css/variables.css
508 silly gunzTarPerm extractEntry test/css/whitespace.css
509 silly gunzTarPerm extractEntry test/less/mixins-closure.less
510 silly gunzTarPerm extractEntry test/less/charsets.less
511 silly gunzTarPerm extractEntry test/less/comments.less
512 silly gunzTarPerm extractEntry test/less/css-3.less
513 silly gunzTarPerm extractEntry test/less/css-escapes.less
514 silly gunzTarPerm extractEntry test/less/css.less
515 silly gunzTarPerm extractEntry test/less/debug/import/test.less
516 silly gunzTarPerm extractEntry test/less/debug/linenumbers.less
517 silly gunzTarPerm extractEntry test/less/errors/mixed-mixin-definition-args-2.less
518 silly gunzTarPerm extractEntry test/less/errors/bad-variable-declaration1.less
519 silly gunzTarPerm extractEntry test/less/errors/comment-in-selector.less
520 silly gunzTarPerm extractEntry test/less/errors/comment-in-selector.txt
521 silly gunzTarPerm extractEntry test/less/errors/import-missing.less
522 silly gunzTarPerm extractEntry test/less/errors/import-missing.txt
523 silly gunzTarPerm extractEntry test/less/errors/import-no-semi.less
524 silly gunzTarPerm extractEntry test/less/errors/import-no-semi.txt
525 silly gunzTarPerm extractEntry test/less/errors/import-subfolder1.less
526 silly gunzTarPerm extractEntry test/less/errors/import-subfolder1.txt
527 silly gunzTarPerm extractEntry test/less/errors/import-subfolder2.less
528 silly gunzTarPerm extractEntry test/less/errors/import-subfolder2.txt
529 silly gunzTarPerm extractEntry test/less/errors/imports/import-subfolder1.less
530 silly gunzTarPerm extractEntry test/less/errors/imports/import-subfolder2.less
531 silly gunzTarPerm extractEntry test/less/errors/imports/import-test.less
532 silly gunzTarPerm extractEntry test/less/errors/imports/subfolder/mixin-not-defined.less
533 silly gunzTarPerm extractEntry test/less/errors/imports/subfolder/parse-error-curly-bracket.less
534 silly gunzTarPerm extractEntry test/less/errors/javascript-error.less
535 silly gunzTarPerm extractEntry test/less/errors/javascript-error.txt
536 silly gunzTarPerm extractEntry test/less/errors/mixed-mixin-definition-args-1.less
537 silly gunzTarPerm extractEntry test/less/errors/mixed-mixin-definition-args-1.txt
538 silly gunzTarPerm extractEntry test/less/errors/bad-variable-declaration1.txt
539 silly gunzTarPerm extractEntry test/less/errors/mixed-mixin-definition-args-2.txt
540 silly gunzTarPerm extractEntry test/less/errors/mixin-not-defined.less
541 silly gunzTarPerm extractEntry test/less/errors/mixin-not-defined.txt
542 silly gunzTarPerm extractEntry test/less/errors/mixin-not-matched.less
543 silly gunzTarPerm extractEntry test/less/errors/mixin-not-matched.txt
544 silly gunzTarPerm extractEntry test/less/errors/mixin-not-matched2.less
545 silly gunzTarPerm extractEntry test/less/errors/mixin-not-matched2.txt
546 silly gunzTarPerm extractEntry test/less/errors/parse-error-curly-bracket.less
547 silly gunzTarPerm extractEntry test/less/errors/parse-error-curly-bracket.txt
548 silly gunzTarPerm extractEntry test/less/errors/parse-error-missing-bracket.less
549 silly gunzTarPerm extractEntry test/less/errors/parse-error-missing-bracket.txt
550 silly gunzTarPerm extractEntry test/less/errors/parse-error-with-import.less
551 silly gunzTarPerm extractEntry test/less/errors/parse-error-with-import.txt
552 silly gunzTarPerm extractEntry test/less/errors/property-ie5-hack.less
553 silly gunzTarPerm extractEntry test/less/errors/property-ie5-hack.txt
554 silly gunzTarPerm extractEntry test/less/errors/recursive-variable.less
555 silly gunzTarPerm extractEntry test/less/errors/recursive-variable.txt
556 silly gunzTarPerm extractEntry test/less/functions.less
557 silly gunzTarPerm extractEntry test/less/ie-filters.less
558 silly gunzTarPerm extractEntry test/less/import/import-test-b.less
559 silly gunzTarPerm extractEntry test/less/import/deeper/import-once-test-a.less
560 silly gunzTarPerm extractEntry test/less/import/import-charset-test.less
561 silly gunzTarPerm extractEntry test/less/import/import-once-test-c.less
562 silly gunzTarPerm extractEntry test/less/import/import-test-a.less
563 silly gunzTarPerm extractEntry test/less/import/import-and-relative-paths-test.less
564 silly gunzTarPerm extractEntry test/less/import/import-test-c.less
565 silly gunzTarPerm extractEntry test/less/import/import-test-d.css
566 silly gunzTarPerm extractEntry test/less/import/import-test-e.less
567 silly gunzTarPerm extractEntry test/less/import/imports/font.less
568 silly gunzTarPerm extractEntry test/less/import/imports/logo.less
569 silly gunzTarPerm extractEntry test/less/import/urls.less
570 silly gunzTarPerm extractEntry test/less/import-once.less
571 silly gunzTarPerm extractEntry test/less/import.less
572 silly gunzTarPerm extractEntry test/less/javascript.less
573 silly gunzTarPerm extractEntry test/less/lazy-eval.less
574 silly gunzTarPerm extractEntry test/less/media.less
575 silly gunzTarPerm extractEntry test/less/mixins-args.less
576 silly gunzTarPerm extractEntry test/less/colors.less
577 silly gunzTarPerm extractEntry test/less/mixins-guards.less
578 silly gunzTarPerm extractEntry test/less/mixins-important.less
579 silly gunzTarPerm extractEntry test/less/mixins-named-args.less
580 silly gunzTarPerm extractEntry test/less/mixins-nested.less
581 silly gunzTarPerm extractEntry test/less/mixins-pattern.less
582 silly gunzTarPerm extractEntry test/less/mixins.less
583 silly gunzTarPerm extractEntry test/less/operations.less
584 silly gunzTarPerm extractEntry test/less/parens.less
585 silly gunzTarPerm extractEntry test/less/rulesets.less
586 silly gunzTarPerm extractEntry test/less/scope.less
587 silly gunzTarPerm extractEntry test/less/selectors.less
588 silly gunzTarPerm extractEntry test/less/static-urls/urls.less
589 silly gunzTarPerm extractEntry test/less/strings.less
590 silly gunzTarPerm extractEntry test/less/urls.less
591 silly gunzTarPerm extractEntry test/less/variables.less
592 silly gunzTarPerm extractEntry test/less/whitespace.less
593 silly gunzTarPerm extractEntry Makefile
594 silly gunzTarPerm extractEntry bin/lessc
595 silly gunzTarPerm extractEntry build/amd.js
596 silly gunzTarPerm extractEntry build/ecma-5.js
597 silly gunzTarPerm extractEntry build/header.js
598 silly gunzTarPerm extractEntry build/require-rhino.js
599 silly gunzTarPerm extractEntry build/require.js
600 silly gunzTarPerm extractEntry lib/less/browser.js
601 silly gunzTarPerm extractEntry lib/less/colors.js
602 silly gunzTarPerm extractEntry lib/less/functions.js
603 silly gunzTarPerm extractEntry lib/less/index.js
604 silly gunzTarPerm extractEntry lib/less/lessc_helper.js
605 silly gunzTarPerm extractEntry lib/less/parser.js
606 silly gunzTarPerm extractEntry lib/less/rhino.js
607 silly gunzTarPerm extractEntry lib/less/tree.js
608 silly gunzTarPerm extractEntry lib/less/tree/alpha.js
609 silly gunzTarPerm extractEntry lib/less/tree/expression.js
610 silly gunzTarPerm extractEntry lib/less/tree/import.js
611 silly gunzTarPerm extractEntry lib/less/tree/javascript.js
612 silly gunzTarPerm extractEntry lib/less/tree/element.js
613 silly gunzTarPerm extractEntry lib/less/tree/media.js
614 silly gunzTarPerm extractEntry lib/less/tree/mixin.js
615 silly gunzTarPerm extractEntry lib/less/tree/operation.js
616 silly gunzTarPerm extractEntry lib/less/tree/paren.js
617 silly gunzTarPerm extractEntry lib/less/tree/quoted.js
618 silly gunzTarPerm extractEntry lib/less/tree/directive.js
619 silly gunzTarPerm extractEntry lib/less/tree/ratio.js
620 silly gunzTarPerm extractEntry lib/less/tree/dimension.js
621 silly gunzTarPerm extractEntry lib/less/tree/rule.js
622 silly gunzTarPerm extractEntry lib/less/tree/condition.js
623 silly gunzTarPerm extractEntry lib/less/tree/ruleset.js
624 silly gunzTarPerm extractEntry lib/less/tree/comment.js
625 silly gunzTarPerm extractEntry lib/less/tree/selector.js
626 silly gunzTarPerm extractEntry lib/less/tree/color.js
627 silly gunzTarPerm extractEntry lib/less/tree/unicode-descriptor.js
628 silly gunzTarPerm extractEntry lib/less/tree/call.js
629 silly gunzTarPerm extractEntry lib/less/tree/url.js
630 silly gunzTarPerm extractEntry lib/less/tree/assignment.js
631 silly gunzTarPerm extractEntry lib/less/tree/value.js
632 silly gunzTarPerm extractEntry lib/less/tree/anonymous.js
633 silly gunzTarPerm extractEntry lib/less/tree/variable.js
634 silly gunzTarPerm extractEntry lib/less/tree/keyword.js
635 verbose read json /Users/guillaume/.npm/less/1.3.3/package/package.json
636 silly lockFile c9bf019c-guillaume-npm-less-1-3-3-package /Users/guillaume/.npm/less/1.3.3/package
637 silly shasum updated bytes 40960
638 silly shasum updated bytes 40960
639 silly shasum updated bytes 34124
640 info shasum 57cea6252209c3e618b46d3bdda597a6907d28b4
640 info shasum /Users/guillaume/.npm/less/1.3.3/package.tgz
641 verbose from cache /Users/guillaume/.npm/less/1.3.3/package/package.json
642 verbose chmod /Users/guillaume/.npm/less/1.3.3/package.tgz 644
643 verbose chown /Users/guillaume/.npm/less/1.3.3/package.tgz [ 501, 20 ]
644 silly lockFile 2aa4d5e7-ry-npmjs-org-less-less-1-3-3-tgz https://registry.npmjs.org/less/-/less-1.3.3.tgz
645 silly lockFile fcd40bce-less-1-3-3 less@1.3.3
646 silly lockFile e13833ab-less less@
647 silly resolved [ { name: 'less',
647 silly resolved     description: 'Leaner CSS',
647 silly resolved     homepage: 'http://lesscss.org',
647 silly resolved     keywords: [ 'css', 'parser', 'lesscss', 'browser' ],
647 silly resolved     author: { name: 'Alexis Sellier', email: 'self@cloudhead.net' },
647 silly resolved     contributors: [],
647 silly resolved     version: '1.3.3',
647 silly resolved     bin: { lessc: './bin/lessc' },
647 silly resolved     main: './lib/less/index',
647 silly resolved     directories: { test: './test' },
647 silly resolved     engines: { node: '>=0.4.2' },
647 silly resolved     optionalDependencies: { ycssmin: '>=1.0.1' },
647 silly resolved     devDependencies: { diff: '~1.0' },
647 silly resolved     scripts: { test: 'make test' },
647 silly resolved     bugs: { url: 'https://github.com/cloudhead/less.js/issues' },
647 silly resolved     repository: { type: 'git', url: 'https://github.com/cloudhead/less.js.git' },
647 silly resolved     readme: 'less.js\n=======\n\nThe **dynamic** stylesheet language.\n\n<http://lesscss.org>\n\nabout\n-----\n\nThis is the JavaScript, and now official, stable version of LESS.\n\nFor more information, visit <http://lesscss.org>.\n\nlicense\n-------\n\nSee `LICENSE` file.\n\n> Copyright (c) 2009-2011 Alexis Sellier\n',
647 silly resolved     readmeFilename: 'README.md',
647 silly resolved     _id: 'less@1.3.3',
647 silly resolved     dependencies: { ycssmin: '>=1.0.1' },
647 silly resolved     dist: { shasum: '57cea6252209c3e618b46d3bdda597a6907d28b4' },
647 silly resolved     _from: 'less' } ]
648 info install less@1.3.3 into /usr/local/lib
649 info installOne less@1.3.3
650 verbose from cache /Users/guillaume/.npm/less/1.3.3/package/package.json
651 info /usr/local/lib/node_modules/less unbuild
652 verbose read json /usr/local/lib/node_modules/less/package.json
653 verbose tar unpack /Users/guillaume/.npm/less/1.3.3/package.tgz
654 silly lockFile c2213c90-usr-local-lib-node-modules-less /usr/local/lib/node_modules/less
655 verbose lock /usr/local/lib/node_modules/less /Users/guillaume/.npm/c2213c90-usr-local-lib-node-modules-less.lock
656 silly gunzTarPerm modes [ '755', '644' ]
657 error Error: EACCES, mkdir '/usr/local/lib/node_modules/less'
657 error  { [Error: EACCES, mkdir '/usr/local/lib/node_modules/less']
657 error   errno: 3,
657 error   code: 'EACCES',
657 error   path: '/usr/local/lib/node_modules/less',
657 error   fstream_type: 'Directory',
657 error   fstream_path: '/usr/local/lib/node_modules/less',
657 error   fstream_class: 'DirWriter',
657 error   fstream_stack:
657 error    [ 'DirWriter._create (/usr/local/lib/node_modules/npm/node_modules/fstream/lib/dir-writer.js:36:23)',
657 error      '/usr/local/lib/node_modules/npm/node_modules/mkdirp/index.js:37:53',
657 error      'Object.oncomplete (fs.js:297:15)' ] }
658 error Please try running this command again as root/Administrator.
659 error System Darwin 10.8.0
660 error command "node" "/usr/local/bin/npm" "install" "-g" "less"
661 error cwd /Applications/MAMP/htdocs/gm-library
662 error node -v v0.8.15
663 error npm -v 1.1.66
664 error path /usr/local/lib/node_modules/less
665 error fstream_path /usr/local/lib/node_modules/less
666 error fstream_type Directory
667 error fstream_class DirWriter
668 error code EACCES
669 error errno 3
670 error stack Error: EACCES, mkdir '/usr/local/lib/node_modules/less'
671 error fstream_stack DirWriter._create (/usr/local/lib/node_modules/npm/node_modules/fstream/lib/dir-writer.js:36:23)
671 error fstream_stack /usr/local/lib/node_modules/npm/node_modules/mkdirp/index.js:37:53
671 error fstream_stack Object.oncomplete (fs.js:297:15)
672 verbose exit [ 3, true ]
